26-01-08 00:13:01.365 :   task: DEBUG_CDNET
  model: plain
  gpu_ids: []
  dist: False
  n_channels: 3
  path:[
    root: output
    pretrained_netG: None
    strict_load: False
    task: output\DEBUG_CDNET
    log: output\DEBUG_CDNET
    options: output\DEBUG_CDNET\options
    models: output\DEBUG_CDNET\models
    images: output\DEBUG_CDNET\images
    pretrained_netE: None
    pretrained_optimizerG: None
  ]
  datasets:[
    train:[
      name: train_dataset
      dataset_type: video_train
      dataroot_gt: Thesis_Data_Local/GT
      dataroot_lq: Thesis_Data_Local/LQ_ROI
      dataroot_mask: Thesis_Data_Local/Mask
      num_frame: 6
      gt_size: 64
      use_shuffle: True
      dataloader_shuffle: True
      dataloader_num_workers: 0
      dataloader_batch_size: 1
      phase: train
      scale: 1
      n_channels: 3
    ]
  ]
  netG:[
    net_type: rvrt
    scale: 1
    num_in_ch: 3
    num_out_ch: 3
    embed_dim: 96
    num_heads: [6, 6, 6]
    deformable_groups: 12
    attention_heads: 12
    attention_window: [3, 3]
    depth: [2, 2, 2]
    num_clips: 1
    init_type: default
  ]
  train:[
    manual_seed: 0
    G_lossfn_type: charbonnier
    G_lossfn_weight: 1.0
    E_decay: 0.999
    G_optimizer_type: adam
    G_optimizer_lr: 0.0001
    G_scheduler_type: MultiStepLR
    G_scheduler_milestones: [5000]
    G_scheduler_gamma: 0.5
    checkpoint_test: 100
    checkpoint_save: 100
    checkpoint_print: 1
    G_optimizer_betas: [0.9, 0.999]
    G_optimizer_wd: 0
    G_param_strict: True
    E_param_strict: True
    F_feature_layer: 34
    F_weights: 1.0
    F_lossfn_type: l1
    F_use_input_norm: True
    F_use_range_norm: False
    G_scheduler_restart_weights: 1
    G_optimizer_reuse: False
  ]
  opt_path: options/debug_cdnet.json
  is_train: True
  merge_bn: False
  merge_bn_startpoint: -1
  scale: 1
  find_unused_parameters: False
  use_static_graph: False
  num_gpu: 0
  rank: 0
  world_size: 1

26-01-08 00:13:01.669 : Number of train images: 50, iters: 50
26-01-08 00:13:03.549 : None
26-01-08 00:13:03.549 : None
26-01-08 00:15:36.674 :   task: DEBUG_CDNET
  model: plain
  gpu_ids: []
  dist: False
  n_channels: 3
  path:[
    root: output
    pretrained_netG: None
    strict_load: False
    task: output\DEBUG_CDNET
    log: output\DEBUG_CDNET
    options: output\DEBUG_CDNET\options
    models: output\DEBUG_CDNET\models
    images: output\DEBUG_CDNET\images
    pretrained_netE: None
    pretrained_optimizerG: None
  ]
  datasets:[
    train:[
      name: train_dataset
      dataset_type: video_train
      dataroot_gt: Thesis_Data_Local/GT
      dataroot_lq: Thesis_Data_Local/LQ_ROI
      dataroot_mask: Thesis_Data_Local/Mask
      num_frame: 6
      gt_size: 64
      use_shuffle: True
      dataloader_shuffle: True
      dataloader_num_workers: 0
      dataloader_batch_size: 1
      phase: train
      scale: 1
      n_channels: 3
    ]
  ]
  netG:[
    net_type: rvrt
    scale: 1
    num_in_ch: 3
    num_out_ch: 3
    embed_dim: 96
    num_heads: [6, 6, 6]
    deformable_groups: 12
    attention_heads: 12
    attention_window: [3, 3]
    depth: [2, 2, 2]
    num_clips: 1
    init_type: default
  ]
  train:[
    manual_seed: 0
    G_lossfn_type: charbonnier
    G_lossfn_weight: 1.0
    E_decay: 0.999
    G_optimizer_type: adam
    G_optimizer_lr: 0.0001
    G_scheduler_type: MultiStepLR
    G_scheduler_milestones: [5000]
    G_scheduler_gamma: 0.5
    checkpoint_test: 100
    checkpoint_save: 100
    checkpoint_print: 1
    G_optimizer_betas: [0.9, 0.999]
    G_optimizer_wd: 0
    G_param_strict: True
    E_param_strict: True
    F_feature_layer: 34
    F_weights: 1.0
    F_lossfn_type: l1
    F_use_input_norm: True
    F_use_range_norm: False
    G_scheduler_restart_weights: 1
    G_optimizer_reuse: False
  ]
  opt_path: options/debug_cdnet.json
  is_train: True
  merge_bn: False
  merge_bn_startpoint: -1
  scale: 1
  find_unused_parameters: False
  use_static_graph: False
  num_gpu: 0
  rank: 0
  world_size: 1

26-01-08 00:15:36.742 : Number of train images: 50, iters: 50
26-01-08 00:15:37.981 : None
26-01-08 00:15:37.981 : None
26-01-08 00:15:38.250 : <epoch:  0, iter:       1, lr:1.000e-04> G_loss: 4.570e-02 
26-01-08 00:15:38.372 : <epoch:  0, iter:       2, lr:1.000e-04> G_loss: 4.563e-02 
26-01-08 00:15:38.435 : <epoch:  0, iter:       3, lr:1.000e-04> G_loss: 4.550e-02 
26-01-08 00:15:38.554 : <epoch:  0, iter:       4, lr:1.000e-04> G_loss: 4.533e-02 
26-01-08 00:15:38.601 : <epoch:  0, iter:       5, lr:1.000e-04> G_loss: 4.522e-02 
26-01-08 00:15:38.659 : <epoch:  0, iter:       6, lr:1.000e-04> G_loss: 4.514e-02 
26-01-08 00:15:38.723 : <epoch:  0, iter:       7, lr:1.000e-04> G_loss: 4.498e-02 
26-01-08 00:15:38.818 : <epoch:  0, iter:       8, lr:1.000e-04> G_loss: 4.491e-02 
26-01-08 00:15:38.867 : <epoch:  0, iter:       9, lr:1.000e-04> G_loss: 4.478e-02 
26-01-08 00:15:38.961 : <epoch:  0, iter:      10, lr:1.000e-04> G_loss: 4.470e-02 
26-01-08 00:15:38.994 : <epoch:  0, iter:      11, lr:1.000e-04> G_loss: 4.452e-02 
26-01-08 00:15:39.030 : <epoch:  0, iter:      12, lr:1.000e-04> G_loss: 4.442e-02 
26-01-08 00:15:39.135 : <epoch:  0, iter:      13, lr:1.000e-04> G_loss: 4.438e-02 
26-01-08 00:15:39.283 : <epoch:  0, iter:      14, lr:1.000e-04> G_loss: 4.423e-02 
26-01-08 00:15:39.323 : <epoch:  0, iter:      15, lr:1.000e-04> G_loss: 4.413e-02 
26-01-08 00:15:39.436 : <epoch:  0, iter:      16, lr:1.000e-04> G_loss: 4.399e-02 
26-01-08 00:15:39.470 : <epoch:  0, iter:      17, lr:1.000e-04> G_loss: 4.387e-02 
26-01-08 00:15:39.502 : <epoch:  0, iter:      18, lr:1.000e-04> G_loss: 4.378e-02 
26-01-08 00:15:39.534 : <epoch:  0, iter:      19, lr:1.000e-04> G_loss: 4.369e-02 
26-01-08 00:15:39.567 : <epoch:  0, iter:      20, lr:1.000e-04> G_loss: 4.356e-02 
26-01-08 00:15:39.633 : <epoch:  0, iter:      21, lr:1.000e-04> G_loss: 4.343e-02 
26-01-08 00:15:39.684 : <epoch:  0, iter:      22, lr:1.000e-04> G_loss: 4.336e-02 
26-01-08 00:15:39.716 : <epoch:  0, iter:      23, lr:1.000e-04> G_loss: 4.322e-02 
26-01-08 00:15:39.747 : <epoch:  0, iter:      24, lr:1.000e-04> G_loss: 4.313e-02 
26-01-08 00:15:39.795 : <epoch:  0, iter:      25, lr:1.000e-04> G_loss: 4.297e-02 
26-01-08 00:15:39.829 : <epoch:  0, iter:      26, lr:1.000e-04> G_loss: 4.288e-02 
26-01-08 00:15:39.863 : <epoch:  0, iter:      27, lr:1.000e-04> G_loss: 4.275e-02 
26-01-08 00:15:39.896 : <epoch:  0, iter:      28, lr:1.000e-04> G_loss: 4.263e-02 
26-01-08 00:15:39.928 : <epoch:  0, iter:      29, lr:1.000e-04> G_loss: 4.254e-02 
26-01-08 00:15:39.959 : <epoch:  0, iter:      30, lr:1.000e-04> G_loss: 4.245e-02 
26-01-08 00:15:40.008 : <epoch:  0, iter:      31, lr:1.000e-04> G_loss: 4.229e-02 
26-01-08 00:15:40.038 : <epoch:  0, iter:      32, lr:1.000e-04> G_loss: 4.217e-02 
26-01-08 00:15:40.071 : <epoch:  0, iter:      33, lr:1.000e-04> G_loss: 4.206e-02 
26-01-08 00:15:40.104 : <epoch:  0, iter:      34, lr:1.000e-04> G_loss: 4.194e-02 
26-01-08 00:15:40.138 : <epoch:  0, iter:      35, lr:1.000e-04> G_loss: 4.182e-02 
26-01-08 00:15:40.169 : <epoch:  0, iter:      36, lr:1.000e-04> G_loss: 4.175e-02 
26-01-08 00:15:40.200 : <epoch:  0, iter:      37, lr:1.000e-04> G_loss: 4.163e-02 
26-01-08 00:15:40.231 : <epoch:  0, iter:      38, lr:1.000e-04> G_loss: 4.150e-02 
26-01-08 00:15:40.260 : <epoch:  0, iter:      39, lr:1.000e-04> G_loss: 4.144e-02 
26-01-08 00:15:40.292 : <epoch:  0, iter:      40, lr:1.000e-04> G_loss: 4.126e-02 
26-01-08 00:15:40.323 : <epoch:  0, iter:      41, lr:1.000e-04> G_loss: 4.121e-02 
26-01-08 00:15:40.355 : <epoch:  0, iter:      42, lr:1.000e-04> G_loss: 4.110e-02 
26-01-08 00:15:40.389 : <epoch:  0, iter:      43, lr:1.000e-04> G_loss: 4.097e-02 
26-01-08 00:15:40.420 : <epoch:  0, iter:      44, lr:1.000e-04> G_loss: 4.088e-02 
26-01-08 00:15:40.452 : <epoch:  0, iter:      45, lr:1.000e-04> G_loss: 4.075e-02 
26-01-08 00:15:40.483 : <epoch:  0, iter:      46, lr:1.000e-04> G_loss: 4.064e-02 
26-01-08 00:15:40.513 : <epoch:  0, iter:      47, lr:1.000e-04> G_loss: 4.049e-02 
26-01-08 00:15:40.542 : <epoch:  0, iter:      48, lr:1.000e-04> G_loss: 4.042e-02 
26-01-08 00:15:40.571 : <epoch:  0, iter:      49, lr:1.000e-04> G_loss: 4.029e-02 
26-01-08 00:15:40.599 : <epoch:  0, iter:      50, lr:1.000e-04> G_loss: 4.017e-02 
26-01-08 00:15:40.630 : <epoch:  1, iter:      51, lr:1.000e-04> G_loss: 4.009e-02 
26-01-08 00:15:40.663 : <epoch:  1, iter:      52, lr:1.000e-04> G_loss: 3.999e-02 
26-01-08 00:15:40.696 : <epoch:  1, iter:      53, lr:1.000e-04> G_loss: 3.988e-02 
26-01-08 00:15:40.728 : <epoch:  1, iter:      54, lr:1.000e-04> G_loss: 3.972e-02 
26-01-08 00:15:40.758 : <epoch:  1, iter:      55, lr:1.000e-04> G_loss: 3.962e-02 
26-01-08 00:15:40.789 : <epoch:  1, iter:      56, lr:1.000e-04> G_loss: 3.951e-02 
26-01-08 00:15:40.819 : <epoch:  1, iter:      57, lr:1.000e-04> G_loss: 3.937e-02 
26-01-08 00:15:40.849 : <epoch:  1, iter:      58, lr:1.000e-04> G_loss: 3.926e-02 
26-01-08 00:15:40.880 : <epoch:  1, iter:      59, lr:1.000e-04> G_loss: 3.919e-02 
26-01-08 00:15:40.913 : <epoch:  1, iter:      60, lr:1.000e-04> G_loss: 3.910e-02 
26-01-08 00:15:40.943 : <epoch:  1, iter:      61, lr:1.000e-04> G_loss: 3.894e-02 
26-01-08 00:15:40.973 : <epoch:  1, iter:      62, lr:1.000e-04> G_loss: 3.886e-02 
26-01-08 00:15:41.004 : <epoch:  1, iter:      63, lr:1.000e-04> G_loss: 3.872e-02 
26-01-08 00:15:41.035 : <epoch:  1, iter:      64, lr:1.000e-04> G_loss: 3.866e-02 
26-01-08 00:15:41.066 : <epoch:  1, iter:      65, lr:1.000e-04> G_loss: 3.854e-02 
26-01-08 00:15:41.098 : <epoch:  1, iter:      66, lr:1.000e-04> G_loss: 3.840e-02 
26-01-08 00:15:41.129 : <epoch:  1, iter:      67, lr:1.000e-04> G_loss: 3.833e-02 
26-01-08 00:15:41.159 : <epoch:  1, iter:      68, lr:1.000e-04> G_loss: 3.820e-02 
26-01-08 00:15:41.192 : <epoch:  1, iter:      69, lr:1.000e-04> G_loss: 3.809e-02 
26-01-08 00:15:41.225 : <epoch:  1, iter:      70, lr:1.000e-04> G_loss: 3.799e-02 
26-01-08 00:15:41.257 : <epoch:  1, iter:      71, lr:1.000e-04> G_loss: 3.785e-02 
26-01-08 00:15:41.289 : <epoch:  1, iter:      72, lr:1.000e-04> G_loss: 3.774e-02 
26-01-08 00:15:41.322 : <epoch:  1, iter:      73, lr:1.000e-04> G_loss: 3.767e-02 
26-01-08 00:15:41.351 : <epoch:  1, iter:      74, lr:1.000e-04> G_loss: 3.756e-02 
26-01-08 00:15:41.382 : <epoch:  1, iter:      75, lr:1.000e-04> G_loss: 3.742e-02 
26-01-08 00:15:41.415 : <epoch:  1, iter:      76, lr:1.000e-04> G_loss: 3.733e-02 
26-01-08 00:15:41.447 : <epoch:  1, iter:      77, lr:1.000e-04> G_loss: 3.721e-02 
26-01-08 00:15:41.477 : <epoch:  1, iter:      78, lr:1.000e-04> G_loss: 3.706e-02 
26-01-08 00:15:41.505 : <epoch:  1, iter:      79, lr:1.000e-04> G_loss: 3.697e-02 
26-01-08 00:15:41.539 : <epoch:  1, iter:      80, lr:1.000e-04> G_loss: 3.688e-02 
26-01-08 00:15:41.571 : <epoch:  1, iter:      81, lr:1.000e-04> G_loss: 3.679e-02 
26-01-08 00:15:41.603 : <epoch:  1, iter:      82, lr:1.000e-04> G_loss: 3.667e-02 
26-01-08 00:15:41.636 : <epoch:  1, iter:      83, lr:1.000e-04> G_loss: 3.657e-02 
26-01-08 00:15:41.670 : <epoch:  1, iter:      84, lr:1.000e-04> G_loss: 3.643e-02 
26-01-08 00:15:41.701 : <epoch:  1, iter:      85, lr:1.000e-04> G_loss: 3.631e-02 
26-01-08 00:15:41.732 : <epoch:  1, iter:      86, lr:1.000e-04> G_loss: 3.624e-02 
26-01-08 00:15:41.762 : <epoch:  1, iter:      87, lr:1.000e-04> G_loss: 3.614e-02 
26-01-08 00:15:41.793 : <epoch:  1, iter:      88, lr:1.000e-04> G_loss: 3.600e-02 
26-01-08 00:15:41.823 : <epoch:  1, iter:      89, lr:1.000e-04> G_loss: 3.591e-02 
26-01-08 00:15:41.853 : <epoch:  1, iter:      90, lr:1.000e-04> G_loss: 3.582e-02 
26-01-08 00:15:41.883 : <epoch:  1, iter:      91, lr:1.000e-04> G_loss: 3.572e-02 
26-01-08 00:15:41.914 : <epoch:  1, iter:      92, lr:1.000e-04> G_loss: 3.560e-02 
26-01-08 00:15:41.947 : <epoch:  1, iter:      93, lr:1.000e-04> G_loss: 3.550e-02 
26-01-08 00:15:41.980 : <epoch:  1, iter:      94, lr:1.000e-04> G_loss: 3.539e-02 
26-01-08 00:15:42.011 : <epoch:  1, iter:      95, lr:1.000e-04> G_loss: 3.527e-02 
26-01-08 00:15:42.042 : <epoch:  1, iter:      96, lr:1.000e-04> G_loss: 3.518e-02 
26-01-08 00:15:42.073 : <epoch:  1, iter:      97, lr:1.000e-04> G_loss: 3.506e-02 
26-01-08 00:15:42.105 : <epoch:  1, iter:      98, lr:1.000e-04> G_loss: 3.495e-02 
26-01-08 00:15:42.137 : <epoch:  1, iter:      99, lr:1.000e-04> G_loss: 3.485e-02 
26-01-08 00:15:42.168 : <epoch:  1, iter:     100, lr:1.000e-04> G_loss: 3.472e-02 
26-01-08 00:15:42.169 : Saving the model.
26-01-08 00:54:55.483 :   task: DEBUG_CDNET
  model: plain
  gpu_ids: []
  dist: False
  n_channels: 3
  path:[
    root: output
    pretrained_netG: output\DEBUG_CDNET\models\100_G.pth
    strict_load: False
    task: output\DEBUG_CDNET
    log: output\DEBUG_CDNET
    options: output\DEBUG_CDNET\options
    models: output\DEBUG_CDNET\models
    images: output\DEBUG_CDNET\images
    pretrained_netE: output\DEBUG_CDNET\models\100_E.pth
    pretrained_optimizerG: None
  ]
  datasets:[
    train:[
      name: train_dataset
      dataset_type: video_train
      dataroot_gt: Thesis_Data_Local/GT
      dataroot_lq: Thesis_Data_Local/LQ_ROI
      dataroot_mask: Thesis_Data_Local/Mask
      num_frame: 6
      gt_size: 64
      use_shuffle: True
      dataloader_shuffle: True
      dataloader_num_workers: 0
      dataloader_batch_size: 1
      phase: train
      scale: 1
      n_channels: 3
    ]
  ]
  netG:[
    net_type: rvrt
    scale: 1
    num_in_ch: 3
    num_out_ch: 3
    embed_dim: 96
    num_heads: [6, 6, 6]
    deformable_groups: 12
    attention_heads: 12
    attention_window: [3, 3]
    depth: [2, 2, 2]
    num_clips: 1
    init_type: default
  ]
  train:[
    manual_seed: 0
    G_lossfn_type: charbonnier
    G_lossfn_weight: 1.0
    E_decay: 0.999
    G_optimizer_type: adam
    G_optimizer_lr: 0.0001
    G_scheduler_type: MultiStepLR
    G_scheduler_milestones: [5000]
    G_scheduler_gamma: 0.5
    checkpoint_test: 100
    checkpoint_save: 100
    checkpoint_print: 1
    G_optimizer_betas: [0.9, 0.999]
    G_optimizer_wd: 0
    G_param_strict: True
    E_param_strict: True
    F_feature_layer: 34
    F_weights: 1.0
    F_lossfn_type: l1
    F_use_input_norm: True
    F_use_range_norm: False
    G_scheduler_restart_weights: 1
    G_optimizer_reuse: False
  ]
  opt_path: options/debug_cdnet.json
  is_train: True
  merge_bn: False
  merge_bn_startpoint: -1
  scale: 1
  find_unused_parameters: False
  use_static_graph: False
  num_gpu: 0
  rank: 0
  world_size: 1

26-01-08 00:54:55.558 : Number of train images: 50, iters: 50
26-01-08 00:54:56.845 : None
26-01-08 00:54:56.845 : None
26-01-08 00:54:56.931 : <epoch:  0, iter:     101, lr:1.000e-04> G_loss: 3.396e-02 
26-01-08 00:54:57.001 : <epoch:  0, iter:     102, lr:1.000e-04> G_loss: 3.387e-02 
26-01-08 00:54:57.066 : <epoch:  0, iter:     103, lr:1.000e-04> G_loss: 3.375e-02 
26-01-08 00:54:57.134 : <epoch:  0, iter:     104, lr:1.000e-04> G_loss: 3.359e-02 
26-01-08 00:54:57.198 : <epoch:  0, iter:     105, lr:1.000e-04> G_loss: 3.348e-02 
26-01-08 00:54:57.264 : <epoch:  0, iter:     106, lr:1.000e-04> G_loss: 3.340e-02 
26-01-08 00:54:57.331 : <epoch:  0, iter:     107, lr:1.000e-04> G_loss: 3.324e-02 
26-01-08 00:54:57.401 : <epoch:  0, iter:     108, lr:1.000e-04> G_loss: 3.318e-02 
26-01-08 00:54:57.464 : <epoch:  0, iter:     109, lr:1.000e-04> G_loss: 3.305e-02 
26-01-08 00:54:57.528 : <epoch:  0, iter:     110, lr:1.000e-04> G_loss: 3.297e-02 
26-01-08 00:54:57.598 : <epoch:  0, iter:     111, lr:1.000e-04> G_loss: 3.279e-02 
26-01-08 00:54:57.661 : <epoch:  0, iter:     112, lr:1.000e-04> G_loss: 3.270e-02 
26-01-08 00:54:57.726 : <epoch:  0, iter:     113, lr:1.000e-04> G_loss: 3.264e-02 
26-01-08 00:54:57.791 : <epoch:  0, iter:     114, lr:1.000e-04> G_loss: 3.251e-02 
26-01-08 00:54:57.857 : <epoch:  0, iter:     115, lr:1.000e-04> G_loss: 3.241e-02 
26-01-08 00:54:57.916 : <epoch:  0, iter:     116, lr:1.000e-04> G_loss: 3.228e-02 
26-01-08 00:54:57.984 : <epoch:  0, iter:     117, lr:1.000e-04> G_loss: 3.215e-02 
26-01-08 00:54:58.045 : <epoch:  0, iter:     118, lr:1.000e-04> G_loss: 3.206e-02 
26-01-08 00:54:58.105 : <epoch:  0, iter:     119, lr:1.000e-04> G_loss: 3.197e-02 
26-01-08 00:54:58.171 : <epoch:  0, iter:     120, lr:1.000e-04> G_loss: 3.185e-02 
26-01-08 00:54:58.236 : <epoch:  0, iter:     121, lr:1.000e-04> G_loss: 3.173e-02 
26-01-08 00:54:58.300 : <epoch:  0, iter:     122, lr:1.000e-04> G_loss: 3.164e-02 
26-01-08 00:54:58.369 : <epoch:  0, iter:     123, lr:1.000e-04> G_loss: 3.151e-02 
26-01-08 00:54:58.433 : <epoch:  0, iter:     124, lr:1.000e-04> G_loss: 3.142e-02 
26-01-08 00:54:58.496 : <epoch:  0, iter:     125, lr:1.000e-04> G_loss: 3.128e-02 
26-01-08 00:54:58.565 : <epoch:  0, iter:     126, lr:1.000e-04> G_loss: 3.118e-02 
26-01-08 00:54:58.627 : <epoch:  0, iter:     127, lr:1.000e-04> G_loss: 3.106e-02 
26-01-08 00:54:58.690 : <epoch:  0, iter:     128, lr:1.000e-04> G_loss: 3.095e-02 
26-01-08 00:54:58.756 : <epoch:  0, iter:     129, lr:1.000e-04> G_loss: 3.085e-02 
26-01-08 00:54:58.823 : <epoch:  0, iter:     130, lr:1.000e-04> G_loss: 3.075e-02 
26-01-08 00:54:58.887 : <epoch:  0, iter:     131, lr:1.000e-04> G_loss: 3.061e-02 
26-01-08 00:54:58.950 : <epoch:  0, iter:     132, lr:1.000e-04> G_loss: 3.050e-02 
26-01-08 00:54:59.017 : <epoch:  0, iter:     133, lr:1.000e-04> G_loss: 3.038e-02 
26-01-08 00:54:59.084 : <epoch:  0, iter:     134, lr:1.000e-04> G_loss: 3.028e-02 
26-01-08 00:54:59.152 : <epoch:  0, iter:     135, lr:1.000e-04> G_loss: 3.014e-02 
26-01-08 00:54:59.218 : <epoch:  0, iter:     136, lr:1.000e-04> G_loss: 3.008e-02 
26-01-08 00:54:59.279 : <epoch:  0, iter:     137, lr:1.000e-04> G_loss: 2.996e-02 
26-01-08 00:54:59.345 : <epoch:  0, iter:     138, lr:1.000e-04> G_loss: 2.983e-02 
26-01-08 00:54:59.414 : <epoch:  0, iter:     139, lr:1.000e-04> G_loss: 2.976e-02 
26-01-08 00:54:59.479 : <epoch:  0, iter:     140, lr:1.000e-04> G_loss: 2.960e-02 
26-01-08 00:54:59.543 : <epoch:  0, iter:     141, lr:1.000e-04> G_loss: 2.954e-02 
26-01-08 00:54:59.609 : <epoch:  0, iter:     142, lr:1.000e-04> G_loss: 2.943e-02 
26-01-08 00:54:59.673 : <epoch:  0, iter:     143, lr:1.000e-04> G_loss: 2.931e-02 
26-01-08 00:54:59.736 : <epoch:  0, iter:     144, lr:1.000e-04> G_loss: 2.921e-02 
26-01-08 00:54:59.802 : <epoch:  0, iter:     145, lr:1.000e-04> G_loss: 2.910e-02 
26-01-08 00:54:59.870 : <epoch:  0, iter:     146, lr:1.000e-04> G_loss: 2.899e-02 
26-01-08 00:54:59.932 : <epoch:  0, iter:     147, lr:1.000e-04> G_loss: 2.885e-02 
26-01-08 00:55:00.001 : <epoch:  0, iter:     148, lr:1.000e-04> G_loss: 2.877e-02 
26-01-08 00:55:00.067 : <epoch:  0, iter:     149, lr:1.000e-04> G_loss: 2.865e-02 
26-01-08 00:55:00.134 : <epoch:  0, iter:     150, lr:1.000e-04> G_loss: 2.853e-02 
26-01-08 00:55:00.204 : <epoch:  1, iter:     151, lr:1.000e-04> G_loss: 2.845e-02 
26-01-08 00:55:00.273 : <epoch:  1, iter:     152, lr:1.000e-04> G_loss: 2.835e-02 
26-01-08 00:55:00.343 : <epoch:  1, iter:     153, lr:1.000e-04> G_loss: 2.824e-02 
26-01-08 00:55:00.424 : <epoch:  1, iter:     154, lr:1.000e-04> G_loss: 2.809e-02 
26-01-08 00:55:00.490 : <epoch:  1, iter:     155, lr:1.000e-04> G_loss: 2.800e-02 
26-01-08 00:55:00.555 : <epoch:  1, iter:     156, lr:1.000e-04> G_loss: 2.790e-02 
26-01-08 00:55:00.620 : <epoch:  1, iter:     157, lr:1.000e-04> G_loss: 2.776e-02 
26-01-08 00:55:00.684 : <epoch:  1, iter:     158, lr:1.000e-04> G_loss: 2.765e-02 
26-01-08 00:55:00.748 : <epoch:  1, iter:     159, lr:1.000e-04> G_loss: 2.758e-02 
26-01-08 00:55:00.810 : <epoch:  1, iter:     160, lr:1.000e-04> G_loss: 2.748e-02 
26-01-08 00:55:00.874 : <epoch:  1, iter:     161, lr:1.000e-04> G_loss: 2.735e-02 
26-01-08 00:55:00.936 : <epoch:  1, iter:     162, lr:1.000e-04> G_loss: 2.726e-02 
26-01-08 00:55:01.006 : <epoch:  1, iter:     163, lr:1.000e-04> G_loss: 2.712e-02 
26-01-08 00:55:01.075 : <epoch:  1, iter:     164, lr:1.000e-04> G_loss: 2.705e-02 
26-01-08 00:55:01.135 : <epoch:  1, iter:     165, lr:1.000e-04> G_loss: 2.694e-02 
26-01-08 00:55:01.192 : <epoch:  1, iter:     166, lr:1.000e-04> G_loss: 2.683e-02 
26-01-08 00:55:01.251 : <epoch:  1, iter:     167, lr:1.000e-04> G_loss: 2.673e-02 
26-01-08 00:55:01.312 : <epoch:  1, iter:     168, lr:1.000e-04> G_loss: 2.662e-02 
26-01-08 00:55:01.369 : <epoch:  1, iter:     169, lr:1.000e-04> G_loss: 2.651e-02 
26-01-08 00:55:01.428 : <epoch:  1, iter:     170, lr:1.000e-04> G_loss: 2.641e-02 
26-01-08 00:55:01.484 : <epoch:  1, iter:     171, lr:1.000e-04> G_loss: 2.628e-02 
26-01-08 00:55:01.543 : <epoch:  1, iter:     172, lr:1.000e-04> G_loss: 2.617e-02 
26-01-08 00:55:01.603 : <epoch:  1, iter:     173, lr:1.000e-04> G_loss: 2.609e-02 
26-01-08 00:55:01.658 : <epoch:  1, iter:     174, lr:1.000e-04> G_loss: 2.599e-02 
26-01-08 00:55:01.717 : <epoch:  1, iter:     175, lr:1.000e-04> G_loss: 2.587e-02 
26-01-08 00:55:01.780 : <epoch:  1, iter:     176, lr:1.000e-04> G_loss: 2.577e-02 
26-01-08 00:55:01.842 : <epoch:  1, iter:     177, lr:1.000e-04> G_loss: 2.566e-02 
26-01-08 00:55:01.900 : <epoch:  1, iter:     178, lr:1.000e-04> G_loss: 2.553e-02 
26-01-08 00:55:01.957 : <epoch:  1, iter:     179, lr:1.000e-04> G_loss: 2.544e-02 
26-01-08 00:55:02.015 : <epoch:  1, iter:     180, lr:1.000e-04> G_loss: 2.534e-02 
26-01-08 00:55:02.073 : <epoch:  1, iter:     181, lr:1.000e-04> G_loss: 2.525e-02 
26-01-08 00:55:02.132 : <epoch:  1, iter:     182, lr:1.000e-04> G_loss: 2.514e-02 
26-01-08 00:55:02.191 : <epoch:  1, iter:     183, lr:1.000e-04> G_loss: 2.504e-02 
26-01-08 00:55:02.252 : <epoch:  1, iter:     184, lr:1.000e-04> G_loss: 2.492e-02 
26-01-08 00:55:02.308 : <epoch:  1, iter:     185, lr:1.000e-04> G_loss: 2.480e-02 
26-01-08 00:55:02.368 : <epoch:  1, iter:     186, lr:1.000e-04> G_loss: 2.472e-02 
26-01-08 00:55:02.428 : <epoch:  1, iter:     187, lr:1.000e-04> G_loss: 2.462e-02 
26-01-08 00:55:02.487 : <epoch:  1, iter:     188, lr:1.000e-04> G_loss: 2.450e-02 
26-01-08 00:55:02.548 : <epoch:  1, iter:     189, lr:1.000e-04> G_loss: 2.441e-02 
26-01-08 00:55:02.606 : <epoch:  1, iter:     190, lr:1.000e-04> G_loss: 2.432e-02 
26-01-08 00:55:02.667 : <epoch:  1, iter:     191, lr:1.000e-04> G_loss: 2.421e-02 
26-01-08 00:55:02.726 : <epoch:  1, iter:     192, lr:1.000e-04> G_loss: 2.411e-02 
26-01-08 00:55:02.783 : <epoch:  1, iter:     193, lr:1.000e-04> G_loss: 2.402e-02 
26-01-08 00:55:02.842 : <epoch:  1, iter:     194, lr:1.000e-04> G_loss: 2.390e-02 
26-01-08 00:55:02.898 : <epoch:  1, iter:     195, lr:1.000e-04> G_loss: 2.381e-02 
26-01-08 00:55:02.959 : <epoch:  1, iter:     196, lr:1.000e-04> G_loss: 2.371e-02 
26-01-08 00:55:03.015 : <epoch:  1, iter:     197, lr:1.000e-04> G_loss: 2.361e-02 
26-01-08 00:55:03.075 : <epoch:  1, iter:     198, lr:1.000e-04> G_loss: 2.349e-02 
26-01-08 00:55:03.135 : <epoch:  1, iter:     199, lr:1.000e-04> G_loss: 2.339e-02 
26-01-08 00:55:03.198 : <epoch:  1, iter:     200, lr:1.000e-04> G_loss: 2.327e-02 
26-01-08 00:55:03.199 : Saving the model.
26-01-08 00:57:04.797 :   task: DEBUG_CDNET
  model: plain
  gpu_ids: []
  dist: False
  n_channels: 3
  path:[
    root: output
    pretrained_netG: output\DEBUG_CDNET\models\200_G.pth
    strict_load: False
    task: output\DEBUG_CDNET
    log: output\DEBUG_CDNET
    options: output\DEBUG_CDNET\options
    models: output\DEBUG_CDNET\models
    images: output\DEBUG_CDNET\images
    pretrained_netE: output\DEBUG_CDNET\models\200_E.pth
    pretrained_optimizerG: None
  ]
  datasets:[
    train:[
      name: train_dataset
      dataset_type: video_train
      dataroot_gt: Thesis_Data_Local/GT
      dataroot_lq: Thesis_Data_Local/LQ_ROI
      dataroot_mask: Thesis_Data_Local/Mask
      num_frame: 6
      gt_size: 64
      use_shuffle: True
      dataloader_shuffle: True
      dataloader_num_workers: 0
      dataloader_batch_size: 1
      phase: train
      scale: 1
      n_channels: 3
    ]
  ]
  netG:[
    net_type: rvrt
    scale: 1
    num_in_ch: 3
    num_out_ch: 3
    embed_dim: 96
    num_heads: [6, 6, 6]
    deformable_groups: 12
    attention_heads: 12
    attention_window: [3, 3]
    depth: [2, 2, 2]
    num_clips: 1
    init_type: default
  ]
  train:[
    manual_seed: 0
    G_lossfn_type: charbonnier
    G_lossfn_weight: 1.0
    E_decay: 0.999
    G_optimizer_type: adam
    G_optimizer_lr: 0.0001
    G_scheduler_type: MultiStepLR
    G_scheduler_milestones: [5000]
    G_scheduler_gamma: 0.5
    checkpoint_test: 100
    checkpoint_save: 100
    checkpoint_print: 1
    G_optimizer_betas: [0.9, 0.999]
    G_optimizer_wd: 0
    G_param_strict: True
    E_param_strict: True
    F_feature_layer: 34
    F_weights: 1.0
    F_lossfn_type: l1
    F_use_input_norm: True
    F_use_range_norm: False
    G_scheduler_restart_weights: 1
    G_optimizer_reuse: False
  ]
  opt_path: options/debug_cdnet.json
  is_train: True
  merge_bn: False
  merge_bn_startpoint: -1
  scale: 1
  find_unused_parameters: False
  use_static_graph: False
  num_gpu: 0
  rank: 0
  world_size: 1

26-01-08 00:57:04.866 : Number of train images: 50, iters: 50
26-01-08 00:57:06.199 : None
26-01-08 00:57:06.199 : None
26-01-08 00:57:06.277 : <epoch:  0, iter:     201, lr:1.000e-04> G_loss: 2.320e-02 
26-01-08 00:57:06.342 : <epoch:  0, iter:     202, lr:1.000e-04> G_loss: 2.308e-02 
26-01-08 00:57:06.404 : <epoch:  0, iter:     203, lr:1.000e-04> G_loss: 2.297e-02 
26-01-08 00:57:06.467 : <epoch:  0, iter:     204, lr:1.000e-04> G_loss: 2.285e-02 
26-01-08 00:57:06.533 : <epoch:  0, iter:     205, lr:1.000e-04> G_loss: 2.275e-02 
26-01-08 00:57:06.595 : <epoch:  0, iter:     206, lr:1.000e-04> G_loss: 2.268e-02 
26-01-08 00:57:06.661 : <epoch:  0, iter:     207, lr:1.000e-04> G_loss: 2.254e-02 
26-01-08 00:57:06.724 : <epoch:  0, iter:     208, lr:1.000e-04> G_loss: 2.247e-02 
26-01-08 00:57:06.787 : <epoch:  0, iter:     209, lr:1.000e-04> G_loss: 2.236e-02 
26-01-08 00:57:06.852 : <epoch:  0, iter:     210, lr:1.000e-04> G_loss: 2.226e-02 
26-01-08 00:57:06.918 : <epoch:  0, iter:     211, lr:1.000e-04> G_loss: 2.212e-02 
26-01-08 00:57:06.981 : <epoch:  0, iter:     212, lr:1.000e-04> G_loss: 2.204e-02 
26-01-08 00:57:07.041 : <epoch:  0, iter:     213, lr:1.000e-04> G_loss: 2.194e-02 
26-01-08 00:57:07.098 : <epoch:  0, iter:     214, lr:1.000e-04> G_loss: 2.184e-02 
26-01-08 00:57:07.154 : <epoch:  0, iter:     215, lr:1.000e-04> G_loss: 2.175e-02 
26-01-08 00:57:07.217 : <epoch:  0, iter:     216, lr:1.000e-04> G_loss: 2.164e-02 
26-01-08 00:57:07.278 : <epoch:  0, iter:     217, lr:1.000e-04> G_loss: 2.153e-02 
26-01-08 00:57:07.340 : <epoch:  0, iter:     218, lr:1.000e-04> G_loss: 2.144e-02 
26-01-08 00:57:07.403 : <epoch:  0, iter:     219, lr:1.000e-04> G_loss: 2.132e-02 
26-01-08 00:57:07.464 : <epoch:  0, iter:     220, lr:1.000e-04> G_loss: 2.124e-02 
26-01-08 00:57:07.526 : <epoch:  0, iter:     221, lr:1.000e-04> G_loss: 2.112e-02 
26-01-08 00:57:07.587 : <epoch:  0, iter:     222, lr:1.000e-04> G_loss: 2.102e-02 
26-01-08 00:57:07.647 : <epoch:  0, iter:     223, lr:1.000e-04> G_loss: 2.093e-02 
26-01-08 00:57:07.706 : <epoch:  0, iter:     224, lr:1.000e-04> G_loss: 2.082e-02 
26-01-08 00:57:07.760 : <epoch:  0, iter:     225, lr:1.000e-04> G_loss: 2.071e-02 
26-01-08 00:57:07.818 : <epoch:  0, iter:     226, lr:1.000e-04> G_loss: 2.063e-02 
26-01-08 00:57:07.879 : <epoch:  0, iter:     227, lr:1.000e-04> G_loss: 2.052e-02 
26-01-08 00:57:07.941 : <epoch:  0, iter:     228, lr:1.000e-04> G_loss: 2.043e-02 
26-01-08 00:57:08.002 : <epoch:  0, iter:     229, lr:1.000e-04> G_loss: 2.033e-02 
26-01-08 00:57:08.062 : <epoch:  0, iter:     230, lr:1.000e-04> G_loss: 2.021e-02 
26-01-08 00:57:08.165 : <epoch:  0, iter:     231, lr:1.000e-04> G_loss: 2.011e-02 
26-01-08 00:57:08.227 : <epoch:  0, iter:     232, lr:1.000e-04> G_loss: 2.000e-02 
26-01-08 00:57:08.289 : <epoch:  0, iter:     233, lr:1.000e-04> G_loss: 1.990e-02 
26-01-08 00:57:08.353 : <epoch:  0, iter:     234, lr:1.000e-04> G_loss: 1.982e-02 
26-01-08 00:57:08.418 : <epoch:  0, iter:     235, lr:1.000e-04> G_loss: 1.970e-02 
26-01-08 00:57:08.479 : <epoch:  0, iter:     236, lr:1.000e-04> G_loss: 1.962e-02 
26-01-08 00:57:08.541 : <epoch:  0, iter:     237, lr:1.000e-04> G_loss: 1.952e-02 
26-01-08 00:57:08.605 : <epoch:  0, iter:     238, lr:1.000e-04> G_loss: 1.940e-02 
26-01-08 00:57:08.666 : <epoch:  0, iter:     239, lr:1.000e-04> G_loss: 1.932e-02 
26-01-08 00:57:08.725 : <epoch:  0, iter:     240, lr:1.000e-04> G_loss: 1.921e-02 
26-01-08 00:57:08.779 : <epoch:  0, iter:     241, lr:1.000e-04> G_loss: 1.912e-02 
26-01-08 00:57:08.840 : <epoch:  0, iter:     242, lr:1.000e-04> G_loss: 1.902e-02 
26-01-08 00:57:08.904 : <epoch:  0, iter:     243, lr:1.000e-04> G_loss: 1.894e-02 
26-01-08 00:57:08.969 : <epoch:  0, iter:     244, lr:1.000e-04> G_loss: 1.883e-02 
26-01-08 00:57:09.030 : <epoch:  0, iter:     245, lr:1.000e-04> G_loss: 1.873e-02 
26-01-08 00:57:09.087 : <epoch:  0, iter:     246, lr:1.000e-04> G_loss: 1.866e-02 
26-01-08 00:57:09.147 : <epoch:  0, iter:     247, lr:1.000e-04> G_loss: 1.853e-02 
26-01-08 00:57:09.206 : <epoch:  0, iter:     248, lr:1.000e-04> G_loss: 1.844e-02 
26-01-08 00:57:09.269 : <epoch:  0, iter:     249, lr:1.000e-04> G_loss: 1.836e-02 
26-01-08 00:57:09.334 : <epoch:  0, iter:     250, lr:1.000e-04> G_loss: 1.825e-02 
26-01-08 00:57:09.400 : <epoch:  1, iter:     251, lr:1.000e-04> G_loss: 1.818e-02 
26-01-08 00:57:09.462 : <epoch:  1, iter:     252, lr:1.000e-04> G_loss: 1.806e-02 
26-01-08 00:57:09.523 : <epoch:  1, iter:     253, lr:1.000e-04> G_loss: 1.796e-02 
26-01-08 00:57:09.585 : <epoch:  1, iter:     254, lr:1.000e-04> G_loss: 1.787e-02 
26-01-08 00:57:09.648 : <epoch:  1, iter:     255, lr:1.000e-04> G_loss: 1.778e-02 
26-01-08 00:57:09.710 : <epoch:  1, iter:     256, lr:1.000e-04> G_loss: 1.769e-02 
26-01-08 00:57:09.768 : <epoch:  1, iter:     257, lr:1.000e-04> G_loss: 1.759e-02 
26-01-08 00:57:09.828 : <epoch:  1, iter:     258, lr:1.000e-04> G_loss: 1.749e-02 
26-01-08 00:57:09.891 : <epoch:  1, iter:     259, lr:1.000e-04> G_loss: 1.742e-02 
26-01-08 00:57:09.955 : <epoch:  1, iter:     260, lr:1.000e-04> G_loss: 1.731e-02 
26-01-08 00:57:10.019 : <epoch:  1, iter:     261, lr:1.000e-04> G_loss: 1.723e-02 
26-01-08 00:57:10.081 : <epoch:  1, iter:     262, lr:1.000e-04> G_loss: 1.716e-02 
26-01-08 00:57:10.139 : <epoch:  1, iter:     263, lr:1.000e-04> G_loss: 1.703e-02 
26-01-08 00:57:10.202 : <epoch:  1, iter:     264, lr:1.000e-04> G_loss: 1.694e-02 
26-01-08 00:57:10.268 : <epoch:  1, iter:     265, lr:1.000e-04> G_loss: 1.688e-02 
26-01-08 00:57:10.331 : <epoch:  1, iter:     266, lr:1.000e-04> G_loss: 1.679e-02 
26-01-08 00:57:10.394 : <epoch:  1, iter:     267, lr:1.000e-04> G_loss: 1.666e-02 
26-01-08 00:57:10.454 : <epoch:  1, iter:     268, lr:1.000e-04> G_loss: 1.661e-02 
26-01-08 00:57:10.512 : <epoch:  1, iter:     269, lr:1.000e-04> G_loss: 1.649e-02 
26-01-08 00:57:10.568 : <epoch:  1, iter:     270, lr:1.000e-04> G_loss: 1.639e-02 
26-01-08 00:57:10.631 : <epoch:  1, iter:     271, lr:1.000e-04> G_loss: 1.631e-02 
26-01-08 00:57:10.697 : <epoch:  1, iter:     272, lr:1.000e-04> G_loss: 1.622e-02 
26-01-08 00:57:10.764 : <epoch:  1, iter:     273, lr:1.000e-04> G_loss: 1.613e-02 
26-01-08 00:57:10.826 : <epoch:  1, iter:     274, lr:1.000e-04> G_loss: 1.605e-02 
26-01-08 00:57:10.885 : <epoch:  1, iter:     275, lr:1.000e-04> G_loss: 1.598e-02 
26-01-08 00:57:10.947 : <epoch:  1, iter:     276, lr:1.000e-04> G_loss: 1.588e-02 
26-01-08 00:57:11.002 : <epoch:  1, iter:     277, lr:1.000e-04> G_loss: 1.583e-02 
26-01-08 00:57:11.059 : <epoch:  1, iter:     278, lr:1.000e-04> G_loss: 1.573e-02 
26-01-08 00:57:11.119 : <epoch:  1, iter:     279, lr:1.000e-04> G_loss: 1.564e-02 
26-01-08 00:57:11.176 : <epoch:  1, iter:     280, lr:1.000e-04> G_loss: 1.558e-02 
26-01-08 00:57:11.233 : <epoch:  1, iter:     281, lr:1.000e-04> G_loss: 1.552e-02 
26-01-08 00:57:11.296 : <epoch:  1, iter:     282, lr:1.000e-04> G_loss: 1.543e-02 
26-01-08 00:57:11.360 : <epoch:  1, iter:     283, lr:1.000e-04> G_loss: 1.533e-02 
26-01-08 00:57:11.425 : <epoch:  1, iter:     284, lr:1.000e-04> G_loss: 1.528e-02 
26-01-08 00:57:11.484 : <epoch:  1, iter:     285, lr:1.000e-04> G_loss: 1.519e-02 
26-01-08 00:57:11.540 : <epoch:  1, iter:     286, lr:1.000e-04> G_loss: 1.513e-02 
26-01-08 00:57:11.598 : <epoch:  1, iter:     287, lr:1.000e-04> G_loss: 1.503e-02 
26-01-08 00:57:11.657 : <epoch:  1, iter:     288, lr:1.000e-04> G_loss: 1.497e-02 
26-01-08 00:57:11.715 : <epoch:  1, iter:     289, lr:1.000e-04> G_loss: 1.490e-02 
26-01-08 00:57:11.775 : <epoch:  1, iter:     290, lr:1.000e-04> G_loss: 1.485e-02 
26-01-08 00:57:11.833 : <epoch:  1, iter:     291, lr:1.000e-04> G_loss: 1.474e-02 
26-01-08 00:57:11.887 : <epoch:  1, iter:     292, lr:1.000e-04> G_loss: 1.471e-02 
26-01-08 00:57:11.946 : <epoch:  1, iter:     293, lr:1.000e-04> G_loss: 1.463e-02 
26-01-08 00:57:12.002 : <epoch:  1, iter:     294, lr:1.000e-04> G_loss: 1.453e-02 
26-01-08 00:57:12.059 : <epoch:  1, iter:     295, lr:1.000e-04> G_loss: 1.450e-02 
26-01-08 00:57:12.115 : <epoch:  1, iter:     296, lr:1.000e-04> G_loss: 1.442e-02 
26-01-08 00:57:12.174 : <epoch:  1, iter:     297, lr:1.000e-04> G_loss: 1.435e-02 
26-01-08 00:57:12.238 : <epoch:  1, iter:     298, lr:1.000e-04> G_loss: 1.424e-02 
26-01-08 00:57:12.302 : <epoch:  1, iter:     299, lr:1.000e-04> G_loss: 1.420e-02 
26-01-08 00:57:12.372 : <epoch:  1, iter:     300, lr:1.000e-04> G_loss: 1.410e-02 
26-01-08 00:57:12.372 : Saving the model.
26-01-08 13:17:47.913 :   task: DEBUG_CDNET
  model: plain
  gpu_ids: [0]
  dist: False
  n_channels: 3
  path:[
    root: output
    pretrained_netG: None
    strict_load: False
    task: output\DEBUG_CDNET
    log: output\DEBUG_CDNET
    options: output\DEBUG_CDNET\options
    models: output\DEBUG_CDNET\models
    images: output\DEBUG_CDNET\images
    pretrained_netE: None
    pretrained_optimizerG: None
  ]
  datasets:[
    train:[
      name: train_dataset
      dataset_type: video_train
      dataroot_gt: Thesis_Data_Local/GT
      dataroot_lq: Thesis_Data_Local/LQ_ROI
      dataroot_mask: Thesis_Data_Local/Mask
      num_frame: 6
      gt_size: 64
      use_shuffle: True
      dataloader_shuffle: True
      dataloader_num_workers: 0
      dataloader_batch_size: 1
      phase: train
      scale: 1
      n_channels: 3
    ]
  ]
  netG:[
    net_type: rvrt
    scale: 1
    num_in_ch: 3
    num_out_ch: 3
    embed_dim: 96
    num_heads: [6, 6, 6]
    deformable_groups: 12
    attention_heads: 12
    attention_window: [3, 3]
    depth: [2, 2, 2]
    num_clips: 1
    init_type: default
  ]
  train:[
    manual_seed: 0
    G_lossfn_type: charbonnier
    G_lossfn_weight: 1.0
    E_decay: 0.999
    G_optimizer_type: adam
    G_optimizer_lr: 0.0001
    G_scheduler_type: MultiStepLR
    G_scheduler_milestones: [5000]
    G_scheduler_gamma: 0.5
    checkpoint_test: 100
    checkpoint_save: 100
    checkpoint_print: 1
    G_optimizer_betas: [0.9, 0.999]
    G_optimizer_wd: 0
    G_param_strict: True
    E_param_strict: True
    F_feature_layer: 34
    F_weights: 1.0
    F_lossfn_type: l1
    F_use_input_norm: True
    F_use_range_norm: False
    G_scheduler_restart_weights: 1
    G_optimizer_reuse: False
  ]
  opt_path: options/debug_cdnet.json
  is_train: True
  merge_bn: False
  merge_bn_startpoint: -1
  scale: 1
  find_unused_parameters: False
  use_static_graph: False
  num_gpu: 1
  rank: 0
  world_size: 1

26-01-08 13:17:48.333 : Number of train images: 50, iters: 50
26-01-08 13:19:29.902 :   task: DEBUG_CDNET
  model: plain
  gpu_ids: []
  dist: False
  n_channels: 3
  path:[
    root: output
    pretrained_netG: None
    strict_load: False
    task: output\DEBUG_CDNET
    log: output\DEBUG_CDNET
    options: output\DEBUG_CDNET\options
    models: output\DEBUG_CDNET\models
    images: output\DEBUG_CDNET\images
    pretrained_netE: None
    pretrained_optimizerG: None
  ]
  datasets:[
    train:[
      name: train_dataset
      dataset_type: video_train
      dataroot_gt: Thesis_Data_Local/GT
      dataroot_lq: Thesis_Data_Local/LQ_ROI
      dataroot_mask: Thesis_Data_Local/Mask
      num_frame: 6
      gt_size: 64
      use_shuffle: True
      dataloader_shuffle: True
      dataloader_num_workers: 0
      dataloader_batch_size: 1
      phase: train
      scale: 1
      n_channels: 3
    ]
  ]
  netG:[
    net_type: rvrt
    scale: 1
    num_in_ch: 3
    num_out_ch: 3
    embed_dim: 96
    num_heads: [6, 6, 6]
    deformable_groups: 12
    attention_heads: 12
    attention_window: [3, 3]
    depth: [2, 2, 2]
    num_clips: 1
    init_type: default
  ]
  train:[
    manual_seed: 0
    G_lossfn_type: charbonnier
    G_lossfn_weight: 1.0
    E_decay: 0.999
    G_optimizer_type: adam
    G_optimizer_lr: 0.0001
    G_scheduler_type: MultiStepLR
    G_scheduler_milestones: [5000]
    G_scheduler_gamma: 0.5
    checkpoint_test: 100
    checkpoint_save: 100
    checkpoint_print: 1
    G_optimizer_betas: [0.9, 0.999]
    G_optimizer_wd: 0
    G_param_strict: True
    E_param_strict: True
    F_feature_layer: 34
    F_weights: 1.0
    F_lossfn_type: l1
    F_use_input_norm: True
    F_use_range_norm: False
    G_scheduler_restart_weights: 1
    G_optimizer_reuse: False
  ]
  opt_path: options/debug_cdnet.json
  is_train: True
  merge_bn: False
  merge_bn_startpoint: -1
  scale: 1
  find_unused_parameters: False
  use_static_graph: False
  num_gpu: 0
  rank: 0
  world_size: 1

26-01-08 13:19:29.972 : Number of train images: 50, iters: 50
26-01-08 13:24:35.345 :   task: DEBUG_CDNET
  model: plain
  gpu_ids: [0]
  dist: False
  n_channels: 3
  path:[
    root: output
    pretrained_netG: None
    strict_load: False
    task: output\DEBUG_CDNET
    log: output\DEBUG_CDNET
    options: output\DEBUG_CDNET\options
    models: output\DEBUG_CDNET\models
    images: output\DEBUG_CDNET\images
    pretrained_netE: None
    pretrained_optimizerG: None
  ]
  datasets:[
    train:[
      name: train_dataset
      dataset_type: video_train
      dataroot_gt: Thesis_Data_Local/GT
      dataroot_lq: Thesis_Data_Local/LQ_ROI
      dataroot_mask: Thesis_Data_Local/Mask
      num_frame: 6
      gt_size: 64
      use_shuffle: True
      dataloader_shuffle: True
      dataloader_num_workers: 0
      dataloader_batch_size: 1
      phase: train
      scale: 1
      n_channels: 3
    ]
  ]
  netG:[
    net_type: rvrt
    scale: 1
    num_in_ch: 3
    num_out_ch: 3
    embed_dim: 96
    num_heads: [6, 6, 6]
    deformable_groups: 12
    attention_heads: 12
    attention_window: [3, 3]
    depth: [2, 2, 2]
    num_clips: 1
    init_type: default
  ]
  train:[
    manual_seed: 0
    G_lossfn_type: charbonnier
    G_lossfn_weight: 1.0
    E_decay: 0.999
    G_optimizer_type: adam
    G_optimizer_lr: 0.0001
    G_scheduler_type: MultiStepLR
    G_scheduler_milestones: [5000]
    G_scheduler_gamma: 0.5
    checkpoint_test: 100
    checkpoint_save: 100
    checkpoint_print: 1
    G_optimizer_betas: [0.9, 0.999]
    G_optimizer_wd: 0
    G_param_strict: True
    E_param_strict: True
    F_feature_layer: 34
    F_weights: 1.0
    F_lossfn_type: l1
    F_use_input_norm: True
    F_use_range_norm: False
    G_scheduler_restart_weights: 1
    G_optimizer_reuse: False
  ]
  opt_path: options/debug_cdnet.json
  is_train: True
  merge_bn: False
  merge_bn_startpoint: -1
  scale: 1
  find_unused_parameters: False
  use_static_graph: False
  num_gpu: 1
  rank: 0
  world_size: 1

26-01-08 13:24:35.417 : Number of train images: 50, iters: 50
26-01-08 16:44:38.307 :   task: DEBUG_CDNET
  model: plain
  gpu_ids: [0]
  dist: False
  n_channels: 3
  path:[
    root: output
    pretrained_netG: None
    strict_load: False
    task: output\DEBUG_CDNET
    log: output\DEBUG_CDNET
    options: output\DEBUG_CDNET\options
    models: output\DEBUG_CDNET\models
    images: output\DEBUG_CDNET\images
    pretrained_netE: None
    pretrained_optimizerG: None
  ]
  datasets:[
    train:[
      name: train_dataset
      dataset_type: video_train
      dataroot_gt: Thesis_Data_Local/GT
      dataroot_lq: Thesis_Data_Local/LQ_ROI
      dataroot_mask: Thesis_Data_Local/Mask
      num_frame: 6
      gt_size: 64
      use_shuffle: True
      dataloader_shuffle: True
      dataloader_num_workers: 0
      dataloader_batch_size: 1
      phase: train
      scale: 1
      n_channels: 3
    ]
  ]
  netG:[
    net_type: rvrt
    scale: 1
    num_in_ch: 3
    num_out_ch: 3
    embed_dim: 96
    num_heads: [6, 6, 6]
    deformable_groups: 12
    attention_heads: 12
    attention_window: [3, 3]
    depth: [2, 2, 2]
    num_clips: 1
    init_type: default
  ]
  train:[
    manual_seed: 0
    G_lossfn_type: charbonnier
    G_lossfn_weight: 1.0
    E_decay: 0.999
    G_optimizer_type: adam
    G_optimizer_lr: 0.0001
    G_scheduler_type: MultiStepLR
    G_scheduler_milestones: [5000]
    G_scheduler_gamma: 0.5
    checkpoint_test: 100
    checkpoint_save: 100
    checkpoint_print: 1
    G_optimizer_betas: [0.9, 0.999]
    G_optimizer_wd: 0
    G_param_strict: True
    E_param_strict: True
    F_feature_layer: 34
    F_weights: 1.0
    F_lossfn_type: l1
    F_use_input_norm: True
    F_use_range_norm: False
    G_scheduler_restart_weights: 1
    G_optimizer_reuse: False
  ]
  opt_path: options/debug_cdnet.json
  is_train: True
  merge_bn: False
  merge_bn_startpoint: -1
  scale: 1
  find_unused_parameters: False
  use_static_graph: False
  num_gpu: 1
  rank: 0
  world_size: 1

26-01-08 16:44:38.646 : Number of train images: 50, iters: 50
